# JRE version: Java(TM) SE Runtime Environment (8.0_144-b01) (build 1.8.0_144-b01)
# Java VM: Java HotSpot(TM) 64-Bit Server VM (25.144-b01 mixed mode bsd-amd64 compressed oops)
Heap:
 PSYoungGen      total 71168K, used 4457K [0x000000076ab00000, 0x000000076fc00000, 0x00000007c0000000)
  eden space 60416K, 6% used [0x000000076ab00000,0x000000076af1a4f8,0x000000076e600000)
  from space 10752K, 2% used [0x000000076f180000,0x000000076f1c0000,0x000000076fc00000)
  to   space 11264K, 0% used [0x000000076e600000,0x000000076e600000,0x000000076f100000)
 ParOldGen       total 175104K, used 10672K [0x00000006c0000000, 0x00000006cab00000, 0x000000076ab00000)
  object space 175104K, 6% used [0x00000006c0000000,0x00000006c0a6c188,0x00000006cab00000)
 Metaspace       used 19463K, capacity 20608K, committed 20864K, reserved 1067008K
  class space    used 2694K, capacity 2924K, committed 2944K, reserved 1048576K
GC Heap History (10 events):
Event: 14.594 GC heap before
{Heap before GC invocations=4 (full 0):
 PSYoungGen      total 76288K, used 72416K [0x000000076ab00000, 0x0000000770000000, 0x00000007c0000000)
  eden space 65536K, 100% used [0x000000076ab00000,0x000000076eb00000,0x000000076eb00000)
  from space 10752K, 63% used [0x000000076eb00000,0x000000076f1b8030,0x000000076f580000)
  to   space 10752K, 0% used [0x000000076f580000,0x000000076f580000,0x0000000770000000)
 ParOldGen       total 175104K, used 3856K [0x00000006c0000000, 0x00000006cab00000, 0x000000076ab00000)
  object space 175104K, 2% used [0x00000006c0000000,0x00000006c03c4020,0x00000006cab00000)
 Metaspace       used 19219K, capacity 20362K, committed 20608K, reserved 1067008K
  class space    used 2684K, capacity 2913K, committed 2944K, reserved 1048576K
Event: 14.601 GC heap after
Heap after GC invocations=4 (full 0):
 PSYoungGen      total 76288K, used 6832K [0x000000076ab00000, 0x0000000770000000, 0x00000007c0000000)
  eden space 65536K, 0% used [0x000000076ab00000,0x000000076ab00000,0x000000076eb00000)
  from space 10752K, 63% used [0x000000076f580000,0x000000076fc2c040,0x0000000770000000)
  to   space 10752K, 0% used [0x000000076eb00000,0x000000076eb00000,0x000000076f580000)
 ParOldGen       total 175104K, used 3864K [0x00000006c0000000, 0x00000006cab00000, 0x000000076ab00000)
  object space 175104K, 2% used [0x00000006c0000000,0x00000006c03c6020,0x00000006cab00000)
 Metaspace       used 19219K, capacity 20362K, committed 20608K, reserved 1067008K
  class space    used 2684K, capacity 2913K, committed 2944K, reserved 1048576K
}
Event: 19.416 GC heap before
{Heap before GC invocations=5 (full 0):
 PSYoungGen      total 76288K, used 72368K [0x000000076ab00000, 0x0000000770000000, 0x00000007c0000000)
  eden space 65536K, 100% used [0x000000076ab00000,0x000000076eb00000,0x000000076eb00000)
  from space 10752K, 63% used [0x000000076f580000,0x000000076fc2c040,0x0000000770000000)
  to   space 10752K, 0% used [0x000000076eb00000,0x000000076eb00000,0x000000076f580000)
 ParOldGen       total 175104K, used 3864K [0x00000006c0000000, 0x00000006cab00000, 0x000000076ab00000)
  object space 175104K, 2% used [0x00000006c0000000,0x00000006c03c6020,0x00000006cab00000)
 Metaspace       used 19300K, capacity 20430K, committed 20608K, reserved 1067008K
  class space    used 2684K, capacity 2913K, committed 2944K, reserved 1048576K
Event: 19.423 GC heap after
Heap after GC invocations=5 (full 0):
 PSYoungGen      total 71168K, used 6901K [0x000000076ab00000, 0x000000076fc80000, 0x00000007c0000000)
  eden space 64000K, 0% used [0x000000076ab00000,0x000000076ab00000,0x000000076e980000)
  from space 7168K, 96% used [0x000000076eb00000,0x000000076f1bd540,0x000000076f200000)
  to   space 9728K, 0% used [0x000000076f300000,0x000000076f300000,0x000000076fc80000)
 ParOldGen       total 175104K, used 3872K [0x00000006c0000000, 0x00000006cab00000, 0x000000076ab00000)
  object space 175104K, 2% used [0x00000006c0000000,0x00000006c03c8020,0x00000006cab00000)
 Metaspace       used 19300K, capacity 20430K, committed 20608K, reserved 1067008K
  class space    used 2684K, capacity 2913K, committed 2944K, reserved 1048576K
}
Event: 24.930 GC heap before
{Heap before GC invocations=6 (full 0):
 PSYoungGen      total 71168K, used 70901K [0x000000076ab00000, 0x000000076fc80000, 0x00000007c0000000)
  eden space 64000K, 100% used [0x000000076ab00000,0x000000076e980000,0x000000076e980000)
  from space 7168K, 96% used [0x000000076eb00000,0x000000076f1bd540,0x000000076f200000)
  to   space 9728K, 0% used [0x000000076f300000,0x000000076f300000,0x000000076fc80000)
 ParOldGen       total 175104K, used 3872K [0x00000006c0000000, 0x00000006cab00000, 0x000000076ab00000)
  object space 175104K, 2% used [0x00000006c0000000,0x00000006c03c8020,0x00000006cab00000)
 Metaspace       used 19345K, capacity 20494K, committed 20608K, reserved 1067008K
  class space    used 2684K, capacity 2913K, committed 2944K, reserved 1048576K
Event: 24.939 GC heap after
Heap after GC invocations=6 (full 0):
 PSYoungGen      total 69632K, used 6869K [0x000000076ab00000, 0x000000076fa00000, 0x00000007c0000000)
  eden space 62464K, 0% used [0x000000076ab00000,0x000000076ab00000,0x000000076e800000)
  from space 7168K, 95% used [0x000000076f300000,0x000000076f9b5540,0x000000076fa00000)
  to   space 9216K, 0% used [0x000000076e800000,0x000000076e800000,0x000000076f100000)
 ParOldGen       total 175104K, used 3880K [0x00000006c0000000, 0x00000006cab00000, 0x000000076ab00000)
  object space 175104K, 2% used [0x00000006c0000000,0x00000006c03ca020,0x00000006cab00000)
 Metaspace       used 19345K, capacity 20494K, committed 20608K, reserved 1067008K
  class space    used 2684K, capacity 2913K, committed 2944K, reserved 1048576K
}
Event: 31.586 GC heap before
{Heap before GC invocations=7 (full 0):
 PSYoungGen      total 69632K, used 69333K [0x000000076ab00000, 0x000000076fa00000, 0x00000007c0000000)
  eden space 62464K, 99% used [0x000000076ab00000,0x000000076e7ffff0,0x000000076e800000)
  from space 7168K, 95% used [0x000000076f300000,0x000000076f9b5540,0x000000076fa00000)
  to   space 9216K, 0% used [0x000000076e800000,0x000000076e800000,0x000000076f100000)
 ParOldGen       total 175104K, used 3880K [0x00000006c0000000, 0x00000006cab00000, 0x000000076ab00000)
  object space 175104K, 2% used [0x00000006c0000000,0x00000006c03ca020,0x00000006cab00000)
 Metaspace       used 19398K, capacity 20494K, committed 20608K, reserved 1067008K
  class space    used 2685K, capacity 2913K, committed 2944K, reserved 1048576K
Event: 31.595 GC heap after
Heap after GC invocations=7 (full 0):
 PSYoungGen      total 70656K, used 256K [0x000000076ab00000, 0x000000076fc00000, 0x00000007c0000000)
  eden space 61440K, 0% used [0x000000076ab00000,0x000000076ab00000,0x000000076e700000)
  from space 9216K, 2% used [0x000000076e800000,0x000000076e840000,0x000000076f100000)
  to   space 10752K, 0% used [0x000000076f180000,0x000000076f180000,0x000000076fc00000)
 ParOldGen       total 175104K, used 10608K [0x00000006c0000000, 0x00000006cab00000, 0x000000076ab00000)
  object space 175104K, 6% used [0x00000006c0000000,0x00000006c0a5c188,0x00000006cab00000)
 Metaspace       used 19398K, capacity 20494K, committed 20608K, reserved 1067008K
  class space    used 2685K, capacity 2913K, committed 2944K, reserved 1048576K
}
Event: 42.541 GC heap before
{Heap before GC invocations=8 (full 0):
 PSYoungGen      total 70656K, used 61696K [0x000000076ab00000, 0x000000076fc00000, 0x00000007c0000000)
  eden space 61440K, 100% used [0x000000076ab00000,0x000000076e700000,0x000000076e700000)
  from space 9216K, 2% used [0x000000076e800000,0x000000076e840000,0x000000076f100000)
  to   space 10752K, 0% used [0x000000076f180000,0x000000076f180000,0x000000076fc00000)
 ParOldGen       total 175104K, used 10608K [0x00000006c0000000, 0x00000006cab00000, 0x000000076ab00000)
  object space 175104K, 6% used [0x00000006c0000000,0x00000006c0a5c188,0x00000006cab00000)
 Metaspace       used 19423K, capacity 20558K, committed 20608K, reserved 1067008K
  class space    used 2685K, capacity 2913K, committed 2944K, reserved 1048576K
Event: 42.542 GC heap after
Heap after GC invocations=8 (full 0):
 PSYoungGen      total 71168K, used 256K [0x000000076ab00000, 0x000000076fc00000, 0x00000007c0000000)
  eden space 60416K, 0% used [0x000000076ab00000,0x000000076ab00000,0x000000076e600000)
  from space 10752K, 2% used [0x000000076f180000,0x000000076f1c0000,0x000000076fc00000)
  to   space 11264K, 0% used [0x000000076e600000,0x000000076e600000,0x000000076f100000)
 ParOldGen       total 175104K, used 10672K [0x00000006c0000000, 0x00000006cab00000, 0x000000076ab00000)
  object space 175104K, 6% used [0x00000006c0000000,0x00000006c0a6c188,0x00000006cab00000)
 Metaspace       used 19423K, capacity 20558K, committed 20608K, reserved 1067008K
  class space    used 2685K, capacity 2913K, committed 2944K, reserved 1048576K
}

