# JRE version: Java(TM) SE Runtime Environment (8.0_144-b01) (build 1.8.0_144-b01)
# Java VM: Java HotSpot(TM) 64-Bit Server VM (25.144-b01 mixed mode bsd-amd64 compressed oops)
Heap:
 PSYoungGen      total 51712K, used 46893K [0x000000076ab00000, 0x000000076f500000, 0x00000007c0000000)
  eden space 51200K, 91% used [0x000000076ab00000,0x000000076d8a3748,0x000000076dd00000)
  from space 512K, 31% used [0x000000076de00000,0x000000076de28000,0x000000076de80000)
  to   space 12288K, 0% used [0x000000076e900000,0x000000076e900000,0x000000076f500000)
 ParOldGen       total 175104K, used 13116K [0x00000006c0000000, 0x00000006cab00000, 0x000000076ab00000)
  object space 175104K, 7% used [0x00000006c0000000,0x00000006c0ccf1a8,0x00000006cab00000)
 Metaspace       used 19466K, capacity 20630K, committed 20736K, reserved 1067008K
  class space    used 2747K, capacity 2990K, committed 3072K, reserved 1048576K
GC Heap History (10 events):
Event: 84.539 GC heap before
{Heap before GC invocations=13 (full 0):
 PSYoungGen      total 69632K, used 56480K [0x000000076ab00000, 0x000000076fe00000, 0x00000007c0000000)
  eden space 56320K, 100% used [0x000000076ab00000,0x000000076e200000,0x000000076e200000)
  from space 13312K, 1% used [0x000000076f100000,0x000000076f128000,0x000000076fe00000)
  to   space 14336K, 0% used [0x000000076e200000,0x000000076e200000,0x000000076f000000)
 ParOldGen       total 175104K, used 13108K [0x00000006c0000000, 0x00000006cab00000, 0x000000076ab00000)
  object space 175104K, 7% used [0x00000006c0000000,0x00000006c0ccd1a8,0x00000006cab00000)
 Metaspace       used 19428K, capacity 20580K, committed 20736K, reserved 1067008K
  class space    used 2738K, capacity 2979K, committed 3072K, reserved 1048576K
Event: 84.541 GC heap after
Heap after GC invocations=13 (full 0):
 PSYoungGen      total 55808K, used 160K [0x000000076ab00000, 0x000000076fd00000, 0x00000007c0000000)
  eden space 55296K, 0% used [0x000000076ab00000,0x000000076ab00000,0x000000076e100000)
  from space 512K, 31% used [0x000000076e200000,0x000000076e228000,0x000000076e280000)
  to   space 14336K, 0% used [0x000000076ef00000,0x000000076ef00000,0x000000076fd00000)
 ParOldGen       total 175104K, used 13108K [0x00000006c0000000, 0x00000006cab00000, 0x000000076ab00000)
  object space 175104K, 7% used [0x00000006c0000000,0x00000006c0ccd1a8,0x00000006cab00000)
 Metaspace       used 19428K, capacity 20580K, committed 20736K, reserved 1067008K
  class space    used 2738K, capacity 2979K, committed 3072K, reserved 1048576K
}
Event: 91.857 GC heap before
{Heap before GC invocations=14 (full 0):
 PSYoungGen      total 55808K, used 55456K [0x000000076ab00000, 0x000000076fd00000, 0x00000007c0000000)
  eden space 55296K, 100% used [0x000000076ab00000,0x000000076e100000,0x000000076e100000)
  from space 512K, 31% used [0x000000076e200000,0x000000076e228000,0x000000076e280000)
  to   space 14336K, 0% used [0x000000076ef00000,0x000000076ef00000,0x000000076fd00000)
 ParOldGen       total 175104K, used 13108K [0x00000006c0000000, 0x00000006cab00000, 0x000000076ab00000)
  object space 175104K, 7% used [0x00000006c0000000,0x00000006c0ccd1a8,0x00000006cab00000)
 Metaspace       used 19428K, capacity 20580K, committed 20736K, reserved 1067008K
  class space    used 2738K, capacity 2979K, committed 3072K, reserved 1048576K
Event: 91.858 GC heap after
Heap after GC invocations=14 (full 0):
 PSYoungGen      total 66560K, used 128K [0x000000076ab00000, 0x000000076fb00000, 0x00000007c0000000)
  eden space 54272K, 0% used [0x000000076ab00000,0x000000076ab00000,0x000000076e000000)
  from space 12288K, 1% used [0x000000076ef00000,0x000000076ef20000,0x000000076fb00000)
  to   space 13824K, 0% used [0x000000076e000000,0x000000076e000000,0x000000076ed80000)
 ParOldGen       total 175104K, used 13116K [0x00000006c0000000, 0x00000006cab00000, 0x000000076ab00000)
  object space 175104K, 7% used [0x00000006c0000000,0x00000006c0ccf1a8,0x00000006cab00000)
 Metaspace       used 19428K, capacity 20580K, committed 20736K, reserved 1067008K
  class space    used 2738K, capacity 2979K, committed 3072K, reserved 1048576K
}
Event: 99.232 GC heap before
{Heap before GC invocations=15 (full 0):
 PSYoungGen      total 66560K, used 54400K [0x000000076ab00000, 0x000000076fb00000, 0x00000007c0000000)
  eden space 54272K, 100% used [0x000000076ab00000,0x000000076e000000,0x000000076e000000)
  from space 12288K, 1% used [0x000000076ef00000,0x000000076ef20000,0x000000076fb00000)
  to   space 13824K, 0% used [0x000000076e000000,0x000000076e000000,0x000000076ed80000)
 ParOldGen       total 175104K, used 13116K [0x00000006c0000000, 0x00000006cab00000, 0x000000076ab00000)
  object space 175104K, 7% used [0x00000006c0000000,0x00000006c0ccf1a8,0x00000006cab00000)
 Metaspace       used 19428K, capacity 20580K, committed 20736K, reserved 1067008K
  class space    used 2738K, capacity 2979K, committed 3072K, reserved 1048576K
Event: 99.234 GC heap after
Heap after GC invocations=15 (full 0):
 PSYoungGen      total 53760K, used 128K [0x000000076ab00000, 0x000000076f900000, 0x00000007c0000000)
  eden space 53248K, 0% used [0x000000076ab00000,0x000000076ab00000,0x000000076df00000)
  from space 512K, 25% used [0x000000076e000000,0x000000076e020000,0x000000076e080000)
  to   space 13312K, 0% used [0x000000076ec00000,0x000000076ec00000,0x000000076f900000)
 ParOldGen       total 175104K, used 13116K [0x00000006c0000000, 0x00000006cab00000, 0x000000076ab00000)
  object space 175104K, 7% used [0x00000006c0000000,0x00000006c0ccf1a8,0x00000006cab00000)
 Metaspace       used 19428K, capacity 20580K, committed 20736K, reserved 1067008K
  class space    used 2738K, capacity 2979K, committed 3072K, reserved 1048576K
}
Event: 106.651 GC heap before
{Heap before GC invocations=16 (full 0):
 PSYoungGen      total 53760K, used 53376K [0x000000076ab00000, 0x000000076f900000, 0x00000007c0000000)
  eden space 53248K, 100% used [0x000000076ab00000,0x000000076df00000,0x000000076df00000)
  from space 512K, 25% used [0x000000076e000000,0x000000076e020000,0x000000076e080000)
  to   space 13312K, 0% used [0x000000076ec00000,0x000000076ec00000,0x000000076f900000)
 ParOldGen       total 175104K, used 13116K [0x00000006c0000000, 0x00000006cab00000, 0x000000076ab00000)
  object space 175104K, 7% used [0x00000006c0000000,0x00000006c0ccf1a8,0x00000006cab00000)
 Metaspace       used 19428K, capacity 20580K, committed 20736K, reserved 1067008K
  class space    used 2738K, capacity 2979K, committed 3072K, reserved 1048576K
Event: 106.652 GC heap after
Heap after GC invocations=16 (full 0):
 PSYoungGen      total 63488K, used 128K [0x000000076ab00000, 0x000000076f700000, 0x00000007c0000000)
  eden space 52224K, 0% used [0x000000076ab00000,0x000000076ab00000,0x000000076de00000)
  from space 11264K, 1% used [0x000000076ec00000,0x000000076ec20000,0x000000076f700000)
  to   space 12800K, 0% used [0x000000076de00000,0x000000076de00000,0x000000076ea80000)
 ParOldGen       total 175104K, used 13116K [0x00000006c0000000, 0x00000006cab00000, 0x000000076ab00000)
  object space 175104K, 7% used [0x00000006c0000000,0x00000006c0ccf1a8,0x00000006cab00000)
 Metaspace       used 19428K, capacity 20580K, committed 20736K, reserved 1067008K
  class space    used 2738K, capacity 2979K, committed 3072K, reserved 1048576K
}
Event: 113.958 GC heap before
{Heap before GC invocations=17 (full 0):
 PSYoungGen      total 63488K, used 52352K [0x000000076ab00000, 0x000000076f700000, 0x00000007c0000000)
  eden space 52224K, 100% used [0x000000076ab00000,0x000000076de00000,0x000000076de00000)
  from space 11264K, 1% used [0x000000076ec00000,0x000000076ec20000,0x000000076f700000)
  to   space 12800K, 0% used [0x000000076de00000,0x000000076de00000,0x000000076ea80000)
 ParOldGen       total 175104K, used 13116K [0x00000006c0000000, 0x00000006cab00000, 0x000000076ab00000)
  object space 175104K, 7% used [0x00000006c0000000,0x00000006c0ccf1a8,0x00000006cab00000)
 Metaspace       used 19428K, capacity 20580K, committed 20736K, reserved 1067008K
  class space    used 2738K, capacity 2979K, committed 3072K, reserved 1048576K
Event: 113.959 GC heap after
Heap after GC invocations=17 (full 0):
 PSYoungGen      total 51712K, used 160K [0x000000076ab00000, 0x000000076f500000, 0x00000007c0000000)
  eden space 51200K, 0% used [0x000000076ab00000,0x000000076ab00000,0x000000076dd00000)
  from space 512K, 31% used [0x000000076de00000,0x000000076de28000,0x000000076de80000)
  to   space 12288K, 0% used [0x000000076e900000,0x000000076e900000,0x000000076f500000)
 ParOldGen       total 175104K, used 13116K [0x00000006c0000000, 0x00000006cab00000, 0x000000076ab00000)
  object space 175104K, 7% used [0x00000006c0000000,0x00000006c0ccf1a8,0x00000006cab00000)
 Metaspace       used 19428K, capacity 20580K, committed 20736K, reserved 1067008K
  class space    used 2738K, capacity 2979K, committed 3072K, reserved 1048576K
}

