# JRE version: Java(TM) SE Runtime Environment (8.0_144-b01) (build 1.8.0_144-b01)
# Java VM: Java HotSpot(TM) 64-Bit Server VM (25.144-b01 mixed mode bsd-amd64 compressed oops)
Heap:
 PSYoungGen      total 74752K, used 32960K [0x000000076ab00000, 0x0000000770380000, 0x00000007c0000000)
  eden space 64000K, 38% used [0x000000076ab00000,0x000000076c34b880,0x000000076e980000)
  from space 10752K, 75% used [0x000000076eb00000,0x000000076f2e4ab0,0x000000076f580000)
  to   space 13312K, 0% used [0x000000076f680000,0x000000076f680000,0x0000000770380000)
 ParOldGen       total 175104K, used 3896K [0x00000006c0000000, 0x00000006cab00000, 0x000000076ab00000)
  object space 175104K, 2% used [0x00000006c0000000,0x00000006c03ce020,0x00000006cab00000)
 Metaspace       used 19578K, capacity 20790K, committed 20992K, reserved 1067008K
  class space    used 2766K, capacity 3012K, committed 3072K, reserved 1048576K
GC Heap History (10 events):
Event: 0.861 GC heap before
{Heap before GC invocations=1 (full 0):
 PSYoungGen      total 76288K, used 65536K [0x000000076ab00000, 0x0000000770000000, 0x00000007c0000000)
  eden space 65536K, 100% used [0x000000076ab00000,0x000000076eb00000,0x000000076eb00000)
  from space 10752K, 0% used [0x000000076f580000,0x000000076f580000,0x0000000770000000)
  to   space 10752K, 0% used [0x000000076eb00000,0x000000076eb00000,0x000000076f580000)
 ParOldGen       total 175104K, used 0K [0x00000006c0000000, 0x00000006cab00000, 0x000000076ab00000)
  object space 175104K, 0% used [0x00000006c0000000,0x00000006c0000000,0x00000006cab00000)
 Metaspace       used 12338K, capacity 12846K, committed 13056K, reserved 1060864K
  class space    used 1625K, capacity 1727K, committed 1792K, reserved 1048576K
Event: 0.867 GC heap after
Heap after GC invocations=1 (full 0):
 PSYoungGen      total 76288K, used 3840K [0x000000076ab00000, 0x0000000770000000, 0x00000007c0000000)
  eden space 65536K, 0% used [0x000000076ab00000,0x000000076ab00000,0x000000076eb00000)
  from space 10752K, 35% used [0x000000076eb00000,0x000000076eec0020,0x000000076f580000)
  to   space 10752K, 0% used [0x000000076f580000,0x000000076f580000,0x0000000770000000)
 ParOldGen       total 175104K, used 80K [0x00000006c0000000, 0x00000006cab00000, 0x000000076ab00000)
  object space 175104K, 0% used [0x00000006c0000000,0x00000006c0014010,0x00000006cab00000)
 Metaspace       used 12338K, capacity 12846K, committed 13056K, reserved 1060864K
  class space    used 1625K, capacity 1727K, committed 1792K, reserved 1048576K
}
Event: 3.884 GC heap before
{Heap before GC invocations=2 (full 0):
 PSYoungGen      total 76288K, used 69376K [0x000000076ab00000, 0x0000000770000000, 0x00000007c0000000)
  eden space 65536K, 100% used [0x000000076ab00000,0x000000076eb00000,0x000000076eb00000)
  from space 10752K, 35% used [0x000000076eb00000,0x000000076eec0020,0x000000076f580000)
  to   space 10752K, 0% used [0x000000076f580000,0x000000076f580000,0x0000000770000000)
 ParOldGen       total 175104K, used 80K [0x00000006c0000000, 0x00000006cab00000, 0x000000076ab00000)
  object space 175104K, 0% used [0x00000006c0000000,0x00000006c0014010,0x00000006cab00000)
 Metaspace       used 18451K, capacity 19542K, committed 19712K, reserved 1067008K
  class space    used 2695K, capacity 2947K, committed 3072K, reserved 1048576K
Event: 3.895 GC heap after
Heap after GC invocations=2 (full 0):
 PSYoungGen      total 76288K, used 10744K [0x000000076ab00000, 0x0000000770000000, 0x00000007c0000000)
  eden space 65536K, 0% used [0x000000076ab00000,0x000000076ab00000,0x000000076eb00000)
  from space 10752K, 99% used [0x000000076f580000,0x000000076fffe050,0x0000000770000000)
  to   space 10752K, 0% used [0x000000076eb00000,0x000000076eb00000,0x000000076f580000)
 ParOldGen       total 175104K, used 3872K [0x00000006c0000000, 0x00000006cab00000, 0x000000076ab00000)
  object space 175104K, 2% used [0x00000006c0000000,0x00000006c03c8020,0x00000006cab00000)
 Metaspace       used 18451K, capacity 19542K, committed 19712K, reserved 1067008K
  class space    used 2695K, capacity 2947K, committed 3072K, reserved 1048576K
}
Event: 11.468 GC heap before
{Heap before GC invocations=3 (full 0):
 PSYoungGen      total 76288K, used 76280K [0x000000076ab00000, 0x0000000770000000, 0x00000007c0000000)
  eden space 65536K, 100% used [0x000000076ab00000,0x000000076eb00000,0x000000076eb00000)
  from space 10752K, 99% used [0x000000076f580000,0x000000076fffe050,0x0000000770000000)
  to   space 10752K, 0% used [0x000000076eb00000,0x000000076eb00000,0x000000076f580000)
 ParOldGen       total 175104K, used 3872K [0x00000006c0000000, 0x00000006cab00000, 0x000000076ab00000)
  object space 175104K, 2% used [0x00000006c0000000,0x00000006c03c8020,0x00000006cab00000)
 Metaspace       used 19270K, capacity 20474K, committed 20736K, reserved 1067008K
  class space    used 2757K, capacity 3000K, committed 3072K, reserved 1048576K
Event: 11.482 GC heap after
Heap after GC invocations=3 (full 0):
 PSYoungGen      total 76288K, used 8066K [0x000000076ab00000, 0x0000000770000000, 0x00000007c0000000)
  eden space 65536K, 0% used [0x000000076ab00000,0x000000076ab00000,0x000000076eb00000)
  from space 10752K, 75% used [0x000000076eb00000,0x000000076f2e0ae0,0x000000076f580000)
  to   space 10752K, 0% used [0x000000076f580000,0x000000076f580000,0x0000000770000000)
 ParOldGen       total 175104K, used 3880K [0x00000006c0000000, 0x00000006cab00000, 0x000000076ab00000)
  object space 175104K, 2% used [0x00000006c0000000,0x00000006c03ca020,0x00000006cab00000)
 Metaspace       used 19270K, capacity 20474K, committed 20736K, reserved 1067008K
  class space    used 2757K, capacity 3000K, committed 3072K, reserved 1048576K
}
Event: 14.988 GC heap before
{Heap before GC invocations=4 (full 0):
 PSYoungGen      total 76288K, used 73602K [0x000000076ab00000, 0x0000000770000000, 0x00000007c0000000)
  eden space 65536K, 100% used [0x000000076ab00000,0x000000076eb00000,0x000000076eb00000)
  from space 10752K, 75% used [0x000000076eb00000,0x000000076f2e0ae0,0x000000076f580000)
  to   space 10752K, 0% used [0x000000076f580000,0x000000076f580000,0x0000000770000000)
 ParOldGen       total 175104K, used 3880K [0x00000006c0000000, 0x00000006cab00000, 0x000000076ab00000)
  object space 175104K, 2% used [0x00000006c0000000,0x00000006c03ca020,0x00000006cab00000)
 Metaspace       used 19471K, capacity 20676K, committed 20992K, reserved 1067008K
  class space    used 2757K, capacity 3001K, committed 3072K, reserved 1048576K
Event: 14.997 GC heap after
Heap after GC invocations=4 (full 0):
 PSYoungGen      total 76288K, used 8002K [0x000000076ab00000, 0x0000000770000000, 0x00000007c0000000)
  eden space 65536K, 0% used [0x000000076ab00000,0x000000076ab00000,0x000000076eb00000)
  from space 10752K, 74% used [0x000000076f580000,0x000000076fd50ae0,0x0000000770000000)
  to   space 10752K, 0% used [0x000000076eb00000,0x000000076eb00000,0x000000076f580000)
 ParOldGen       total 175104K, used 3888K [0x00000006c0000000, 0x00000006cab00000, 0x000000076ab00000)
  object space 175104K, 2% used [0x00000006c0000000,0x00000006c03cc020,0x00000006cab00000)
 Metaspace       used 19471K, capacity 20676K, committed 20992K, reserved 1067008K
  class space    used 2757K, capacity 3001K, committed 3072K, reserved 1048576K
}
Event: 24.375 GC heap before
{Heap before GC invocations=5 (full 0):
 PSYoungGen      total 76288K, used 73538K [0x000000076ab00000, 0x0000000770000000, 0x00000007c0000000)
  eden space 65536K, 100% used [0x000000076ab00000,0x000000076eb00000,0x000000076eb00000)
  from space 10752K, 74% used [0x000000076f580000,0x000000076fd50ae0,0x0000000770000000)
  to   space 10752K, 0% used [0x000000076eb00000,0x000000076eb00000,0x000000076f580000)
 ParOldGen       total 175104K, used 3888K [0x00000006c0000000, 0x00000006cab00000, 0x000000076ab00000)
  object space 175104K, 2% used [0x00000006c0000000,0x00000006c03cc020,0x00000006cab00000)
 Metaspace       used 19508K, capacity 20676K, committed 20992K, reserved 1067008K
  class space    used 2757K, capacity 3001K, committed 3072K, reserved 1048576K
Event: 24.382 GC heap after
Heap after GC invocations=5 (full 0):
 PSYoungGen      total 74752K, used 8082K [0x000000076ab00000, 0x0000000770380000, 0x00000007c0000000)
  eden space 64000K, 0% used [0x000000076ab00000,0x000000076ab00000,0x000000076e980000)
  from space 10752K, 75% used [0x000000076eb00000,0x000000076f2e4ab0,0x000000076f580000)
  to   space 13312K, 0% used [0x000000076f680000,0x000000076f680000,0x0000000770380000)
 ParOldGen       total 175104K, used 3896K [0x00000006c0000000, 0x00000006cab00000, 0x000000076ab00000)
  object space 175104K, 2% used [0x00000006c0000000,0x00000006c03ce020,0x00000006cab00000)
 Metaspace       used 19508K, capacity 20676K, committed 20992K, reserved 1067008K
  class space    used 2757K, capacity 3001K, committed 3072K, reserved 1048576K
}

