# JRE version: Java(TM) SE Runtime Environment (8.0_144-b01) (build 1.8.0_144-b01)
# Java VM: Java HotSpot(TM) 64-Bit Server VM (25.144-b01 mixed mode bsd-amd64 compressed oops)
Heap:
 PSYoungGen      total 38912K, used 7803K [0x000000076ab00000, 0x000000076d400000, 0x00000007c0000000)
  eden space 36864K, 20% used [0x000000076ab00000,0x000000076b286dd8,0x000000076cf00000)
  from space 2048K, 4% used [0x000000076d200000,0x000000076d218000,0x000000076d400000)
  to   space 2560K, 0% used [0x000000076cf00000,0x000000076cf00000,0x000000076d180000)
 ParOldGen       total 175104K, used 19596K [0x00000006c0000000, 0x00000006cab00000, 0x000000076ab00000)
  object space 175104K, 11% used [0x00000006c0000000,0x00000006c1323228,0x00000006cab00000)
 Metaspace       used 19577K, capacity 20796K, committed 20992K, reserved 1067008K
  class space    used 2755K, capacity 2997K, committed 3072K, reserved 1048576K
GC Heap History (10 events):
Event: 379.085 GC heap before
{Heap before GC invocations=38 (full 0):
 PSYoungGen      total 39936K, used 39552K [0x000000076ab00000, 0x000000076d880000, 0x00000007c0000000)
  eden space 39424K, 100% used [0x000000076ab00000,0x000000076d180000,0x000000076d180000)
  from space 512K, 25% used [0x000000076d200000,0x000000076d220000,0x000000076d280000)
  to   space 3584K, 0% used [0x000000076d500000,0x000000076d500000,0x000000076d880000)
 ParOldGen       total 175104K, used 19596K [0x00000006c0000000, 0x00000006cab00000, 0x000000076ab00000)
  object space 175104K, 11% used [0x00000006c0000000,0x00000006c1323228,0x00000006cab00000)
 Metaspace       used 19501K, capacity 20682K, committed 20992K, reserved 1067008K
  class space    used 2746K, capacity 2986K, committed 3072K, reserved 1048576K
Event: 379.087 GC heap after
Heap after GC invocations=38 (full 0):
 PSYoungGen      total 40960K, used 96K [0x000000076ab00000, 0x000000076d700000, 0x00000007c0000000)
  eden space 38912K, 0% used [0x000000076ab00000,0x000000076ab00000,0x000000076d100000)
  from space 2048K, 4% used [0x000000076d500000,0x000000076d518000,0x000000076d700000)
  to   space 3072K, 0% used [0x000000076d100000,0x000000076d100000,0x000000076d400000)
 ParOldGen       total 175104K, used 19596K [0x00000006c0000000, 0x00000006cab00000, 0x000000076ab00000)
  object space 175104K, 11% used [0x00000006c0000000,0x00000006c1323228,0x00000006cab00000)
 Metaspace       used 19501K, capacity 20682K, committed 20992K, reserved 1067008K
  class space    used 2746K, capacity 2986K, committed 3072K, reserved 1048576K
}
Event: 388.930 GC heap before
{Heap before GC invocations=39 (full 0):
 PSYoungGen      total 40960K, used 39008K [0x000000076ab00000, 0x000000076d700000, 0x00000007c0000000)
  eden space 38912K, 100% used [0x000000076ab00000,0x000000076d100000,0x000000076d100000)
  from space 2048K, 4% used [0x000000076d500000,0x000000076d518000,0x000000076d700000)
  to   space 3072K, 0% used [0x000000076d100000,0x000000076d100000,0x000000076d400000)
 ParOldGen       total 175104K, used 19596K [0x00000006c0000000, 0x00000006cab00000, 0x000000076ab00000)
  object space 175104K, 11% used [0x00000006c0000000,0x00000006c1323228,0x00000006cab00000)
 Metaspace       used 19501K, capacity 20682K, committed 20992K, reserved 1067008K
  class space    used 2746K, capacity 2986K, committed 3072K, reserved 1048576K
Event: 388.932 GC heap after
Heap after GC invocations=39 (full 0):
 PSYoungGen      total 38912K, used 64K [0x000000076ab00000, 0x000000076d680000, 0x00000007c0000000)
  eden space 38400K, 0% used [0x000000076ab00000,0x000000076ab00000,0x000000076d080000)
  from space 512K, 12% used [0x000000076d100000,0x000000076d110000,0x000000076d180000)
  to   space 3072K, 0% used [0x000000076d380000,0x000000076d380000,0x000000076d680000)
 ParOldGen       total 175104K, used 19596K [0x00000006c0000000, 0x00000006cab00000, 0x000000076ab00000)
  object space 175104K, 11% used [0x00000006c0000000,0x00000006c1323228,0x00000006cab00000)
 Metaspace       used 19501K, capacity 20682K, committed 20992K, reserved 1067008K
  class space    used 2746K, capacity 2986K, committed 3072K, reserved 1048576K
}
Event: 398.680 GC heap before
{Heap before GC invocations=40 (full 0):
 PSYoungGen      total 38912K, used 38464K [0x000000076ab00000, 0x000000076d680000, 0x00000007c0000000)
  eden space 38400K, 100% used [0x000000076ab00000,0x000000076d080000,0x000000076d080000)
  from space 512K, 12% used [0x000000076d100000,0x000000076d110000,0x000000076d180000)
  to   space 3072K, 0% used [0x000000076d380000,0x000000076d380000,0x000000076d680000)
 ParOldGen       total 175104K, used 19596K [0x00000006c0000000, 0x00000006cab00000, 0x000000076ab00000)
  object space 175104K, 11% used [0x00000006c0000000,0x00000006c1323228,0x00000006cab00000)
 Metaspace       used 19501K, capacity 20682K, committed 20992K, reserved 1067008K
  class space    used 2746K, capacity 2986K, committed 3072K, reserved 1048576K
Event: 398.681 GC heap after
Heap after GC invocations=40 (full 0):
 PSYoungGen      total 39424K, used 96K [0x000000076ab00000, 0x000000076d500000, 0x00000007c0000000)
  eden space 37888K, 0% used [0x000000076ab00000,0x000000076ab00000,0x000000076d000000)
  from space 1536K, 6% used [0x000000076d380000,0x000000076d398000,0x000000076d500000)
  to   space 2560K, 0% used [0x000000076d000000,0x000000076d000000,0x000000076d280000)
 ParOldGen       total 175104K, used 19596K [0x00000006c0000000, 0x00000006cab00000, 0x000000076ab00000)
  object space 175104K, 11% used [0x00000006c0000000,0x00000006c1323228,0x00000006cab00000)
 Metaspace       used 19501K, capacity 20682K, committed 20992K, reserved 1067008K
  class space    used 2746K, capacity 2986K, committed 3072K, reserved 1048576K
}
Event: 408.621 GC heap before
{Heap before GC invocations=41 (full 0):
 PSYoungGen      total 39424K, used 37984K [0x000000076ab00000, 0x000000076d500000, 0x00000007c0000000)
  eden space 37888K, 100% used [0x000000076ab00000,0x000000076d000000,0x000000076d000000)
  from space 1536K, 6% used [0x000000076d380000,0x000000076d398000,0x000000076d500000)
  to   space 2560K, 0% used [0x000000076d000000,0x000000076d000000,0x000000076d280000)
 ParOldGen       total 175104K, used 19596K [0x00000006c0000000, 0x00000006cab00000, 0x000000076ab00000)
  object space 175104K, 11% used [0x00000006c0000000,0x00000006c1323228,0x00000006cab00000)
 Metaspace       used 19501K, capacity 20682K, committed 20992K, reserved 1067008K
  class space    used 2746K, capacity 2986K, committed 3072K, reserved 1048576K
Event: 408.622 GC heap after
Heap after GC invocations=41 (full 0):
 PSYoungGen      total 37888K, used 64K [0x000000076ab00000, 0x000000076d480000, 0x00000007c0000000)
  eden space 37376K, 0% used [0x000000076ab00000,0x000000076ab00000,0x000000076cf80000)
  from space 512K, 12% used [0x000000076d000000,0x000000076d010000,0x000000076d080000)
  to   space 2560K, 0% used [0x000000076d200000,0x000000076d200000,0x000000076d480000)
 ParOldGen       total 175104K, used 19596K [0x00000006c0000000, 0x00000006cab00000, 0x000000076ab00000)
  object space 175104K, 11% used [0x00000006c0000000,0x00000006c1323228,0x00000006cab00000)
 Metaspace       used 19501K, capacity 20682K, committed 20992K, reserved 1067008K
  class space    used 2746K, capacity 2986K, committed 3072K, reserved 1048576K
}
Event: 418.289 GC heap before
{Heap before GC invocations=42 (full 0):
 PSYoungGen      total 37888K, used 37440K [0x000000076ab00000, 0x000000076d480000, 0x00000007c0000000)
  eden space 37376K, 100% used [0x000000076ab00000,0x000000076cf80000,0x000000076cf80000)
  from space 512K, 12% used [0x000000076d000000,0x000000076d010000,0x000000076d080000)
  to   space 2560K, 0% used [0x000000076d200000,0x000000076d200000,0x000000076d480000)
 ParOldGen       total 175104K, used 19596K [0x00000006c0000000, 0x00000006cab00000, 0x000000076ab00000)
  object space 175104K, 11% used [0x00000006c0000000,0x00000006c1323228,0x00000006cab00000)
 Metaspace       used 19501K, capacity 20682K, committed 20992K, reserved 1067008K
  class space    used 2746K, capacity 2986K, committed 3072K, reserved 1048576K
Event: 418.291 GC heap after
Heap after GC invocations=42 (full 0):
 PSYoungGen      total 38912K, used 96K [0x000000076ab00000, 0x000000076d400000, 0x00000007c0000000)
  eden space 36864K, 0% used [0x000000076ab00000,0x000000076ab00000,0x000000076cf00000)
  from space 2048K, 4% used [0x000000076d200000,0x000000076d218000,0x000000076d400000)
  to   space 2560K, 0% used [0x000000076cf00000,0x000000076cf00000,0x000000076d180000)
 ParOldGen       total 175104K, used 19596K [0x00000006c0000000, 0x00000006cab00000, 0x000000076ab00000)
  object space 175104K, 11% used [0x00000006c0000000,0x00000006c1323228,0x00000006cab00000)
 Metaspace       used 19501K, capacity 20682K, committed 20992K, reserved 1067008K
  class space    used 2746K, capacity 2986K, committed 3072K, reserved 1048576K
}

