# JRE version: Java(TM) SE Runtime Environment (8.0_144-b01) (build 1.8.0_144-b01)
# Java VM: Java HotSpot(TM) 64-Bit Server VM (25.144-b01 mixed mode bsd-amd64 compressed oops)
Heap:
 PSYoungGen      total 76288K, used 8718K [0x000000076ab00000, 0x0000000770000000, 0x00000007c0000000)
  eden space 65536K, 0% used [0x000000076ab00000,0x000000076aba3130,0x000000076eb00000)
  from space 10752K, 75% used [0x000000076f580000,0x000000076fd60ac0,0x0000000770000000)
  to   space 10752K, 0% used [0x000000076eb00000,0x000000076eb00000,0x000000076f580000)
 ParOldGen       total 175104K, used 3856K [0x00000006c0000000, 0x00000006cab00000, 0x000000076ab00000)
  object space 175104K, 2% used [0x00000006c0000000,0x00000006c03c4020,0x00000006cab00000)
 Metaspace       used 19485K, capacity 20684K, committed 20992K, reserved 1067008K
  class space    used 2757K, capacity 3003K, committed 3072K, reserved 1048576K
GC Heap History (8 events):
Event: 0.928 GC heap before
{Heap before GC invocations=1 (full 0):
 PSYoungGen      total 76288K, used 65536K [0x000000076ab00000, 0x0000000770000000, 0x00000007c0000000)
  eden space 65536K, 100% used [0x000000076ab00000,0x000000076eb00000,0x000000076eb00000)
  from space 10752K, 0% used [0x000000076f580000,0x000000076f580000,0x0000000770000000)
  to   space 10752K, 0% used [0x000000076eb00000,0x000000076eb00000,0x000000076f580000)
 ParOldGen       total 175104K, used 0K [0x00000006c0000000, 0x00000006cab00000, 0x000000076ab00000)
  object space 175104K, 0% used [0x00000006c0000000,0x00000006c0000000,0x00000006cab00000)
 Metaspace       used 12350K, capacity 12846K, committed 13056K, reserved 1060864K
  class space    used 1620K, capacity 1727K, committed 1792K, reserved 1048576K
Event: 0.934 GC heap after
Heap after GC invocations=1 (full 0):
 PSYoungGen      total 76288K, used 3840K [0x000000076ab00000, 0x0000000770000000, 0x00000007c0000000)
  eden space 65536K, 0% used [0x000000076ab00000,0x000000076ab00000,0x000000076eb00000)
  from space 10752K, 35% used [0x000000076eb00000,0x000000076eec0040,0x000000076f580000)
  to   space 10752K, 0% used [0x000000076f580000,0x000000076f580000,0x0000000770000000)
 ParOldGen       total 175104K, used 80K [0x00000006c0000000, 0x00000006cab00000, 0x000000076ab00000)
  object space 175104K, 0% used [0x00000006c0000000,0x00000006c0014010,0x00000006cab00000)
 Metaspace       used 12350K, capacity 12846K, committed 13056K, reserved 1060864K
  class space    used 1620K, capacity 1727K, committed 1792K, reserved 1048576K
}
Event: 4.268 GC heap before
{Heap before GC invocations=2 (full 0):
 PSYoungGen      total 76288K, used 69376K [0x000000076ab00000, 0x0000000770000000, 0x00000007c0000000)
  eden space 65536K, 100% used [0x000000076ab00000,0x000000076eb00000,0x000000076eb00000)
  from space 10752K, 35% used [0x000000076eb00000,0x000000076eec0040,0x000000076f580000)
  to   space 10752K, 0% used [0x000000076f580000,0x000000076f580000,0x0000000770000000)
 ParOldGen       total 175104K, used 80K [0x00000006c0000000, 0x00000006cab00000, 0x000000076ab00000)
  object space 175104K, 0% used [0x00000006c0000000,0x00000006c0014010,0x00000006cab00000)
 Metaspace       used 18046K, capacity 19112K, committed 19328K, reserved 1064960K
  class space    used 2628K, capacity 2848K, committed 2944K, reserved 1048576K
Event: 4.277 GC heap after
Heap after GC invocations=2 (full 0):
 PSYoungGen      total 76288K, used 10589K [0x000000076ab00000, 0x0000000770000000, 0x00000007c0000000)
  eden space 65536K, 0% used [0x000000076ab00000,0x000000076ab00000,0x000000076eb00000)
  from space 10752K, 98% used [0x000000076f580000,0x000000076ffd7550,0x0000000770000000)
  to   space 10752K, 0% used [0x000000076eb00000,0x000000076eb00000,0x000000076f580000)
 ParOldGen       total 175104K, used 3840K [0x00000006c0000000, 0x00000006cab00000, 0x000000076ab00000)
  object space 175104K, 2% used [0x00000006c0000000,0x00000006c03c0020,0x00000006cab00000)
 Metaspace       used 18046K, capacity 19112K, committed 19328K, reserved 1064960K
  class space    used 2628K, capacity 2848K, committed 2944K, reserved 1048576K
}
Event: 7.820 GC heap before
{Heap before GC invocations=3 (full 0):
 PSYoungGen      total 76288K, used 76125K [0x000000076ab00000, 0x0000000770000000, 0x00000007c0000000)
  eden space 65536K, 100% used [0x000000076ab00000,0x000000076eb00000,0x000000076eb00000)
  from space 10752K, 98% used [0x000000076f580000,0x000000076ffd7550,0x0000000770000000)
  to   space 10752K, 0% used [0x000000076eb00000,0x000000076eb00000,0x000000076f580000)
 ParOldGen       total 175104K, used 3840K [0x00000006c0000000, 0x00000006cab00000, 0x000000076ab00000)
  object space 175104K, 2% used [0x00000006c0000000,0x00000006c03c0020,0x00000006cab00000)
 Metaspace       used 18743K, capacity 19824K, committed 20096K, reserved 1067008K
  class space    used 2674K, capacity 2904K, committed 2944K, reserved 1048576K
Event: 7.826 GC heap after
Heap after GC invocations=3 (full 0):
 PSYoungGen      total 76288K, used 6818K [0x000000076ab00000, 0x0000000770000000, 0x00000007c0000000)
  eden space 65536K, 0% used [0x000000076ab00000,0x000000076ab00000,0x000000076eb00000)
  from space 10752K, 63% used [0x000000076eb00000,0x000000076f1a8ae0,0x000000076f580000)
  to   space 10752K, 0% used [0x000000076f580000,0x000000076f580000,0x0000000770000000)
 ParOldGen       total 175104K, used 3848K [0x00000006c0000000, 0x00000006cab00000, 0x000000076ab00000)
  object space 175104K, 2% used [0x00000006c0000000,0x00000006c03c2020,0x00000006cab00000)
 Metaspace       used 18743K, capacity 19824K, committed 20096K, reserved 1067008K
  class space    used 2674K, capacity 2904K, committed 2944K, reserved 1048576K
}
Event: 11.447 GC heap before
{Heap before GC invocations=4 (full 0):
 PSYoungGen      total 76288K, used 72354K [0x000000076ab00000, 0x0000000770000000, 0x00000007c0000000)
  eden space 65536K, 100% used [0x000000076ab00000,0x000000076eb00000,0x000000076eb00000)
  from space 10752K, 63% used [0x000000076eb00000,0x000000076f1a8ae0,0x000000076f580000)
  to   space 10752K, 0% used [0x000000076f580000,0x000000076f580000,0x0000000770000000)
 ParOldGen       total 175104K, used 3848K [0x00000006c0000000, 0x00000006cab00000, 0x000000076ab00000)
  object space 175104K, 2% used [0x00000006c0000000,0x00000006c03c2020,0x00000006cab00000)
 Metaspace       used 19484K, capacity 20684K, committed 20992K, reserved 1067008K
  class space    used 2757K, capacity 3003K, committed 3072K, reserved 1048576K
Event: 11.456 GC heap after
Heap after GC invocations=4 (full 0):
 PSYoungGen      total 76288K, used 8066K [0x000000076ab00000, 0x0000000770000000, 0x00000007c0000000)
  eden space 65536K, 0% used [0x000000076ab00000,0x000000076ab00000,0x000000076eb00000)
  from space 10752K, 75% used [0x000000076f580000,0x000000076fd60ac0,0x0000000770000000)
  to   space 10752K, 0% used [0x000000076eb00000,0x000000076eb00000,0x000000076f580000)
 ParOldGen       total 175104K, used 3856K [0x00000006c0000000, 0x00000006cab00000, 0x000000076ab00000)
  object space 175104K, 2% used [0x00000006c0000000,0x00000006c03c4020,0x00000006cab00000)
 Metaspace       used 19484K, capacity 20684K, committed 20992K, reserved 1067008K
  class space    used 2757K, capacity 3003K, committed 3072K, reserved 1048576K
}

